mode: atomic
github.com/jamillosantos/go-validator/errors.go:11.76,17.2 1 0
github.com/jamillosantos/go-validator/errors.go:21.39,23.2 1 0
github.com/jamillosantos/go-validator/errors.go:25.39,27.2 1 0
github.com/jamillosantos/go-validator/generation.go:38.55,44.30 6 0
github.com/jamillosantos/go-validator/generation.go:55.2,58.48 3 0
github.com/jamillosantos/go-validator/generation.go:72.2,75.21 3 0
github.com/jamillosantos/go-validator/generation.go:79.2,88.3 1 0
github.com/jamillosantos/go-validator/generation.go:47.29,48.19 1 0
github.com/jamillosantos/go-validator/generation.go:49.14,50.19 1 0
github.com/jamillosantos/go-validator/generation.go:51.16,52.18 1 0
github.com/jamillosantos/go-validator/generation.go:58.48,60.10 2 0
github.com/jamillosantos/go-validator/generation.go:64.3,69.5 1 0
github.com/jamillosantos/go-validator/generation.go:60.10,62.121 2 0
github.com/jamillosantos/go-validator/generation.go:75.21,77.3 1 0
github.com/jamillosantos/go-validator/generation.go:111.71,112.36 1 0
github.com/jamillosantos/go-validator/generation.go:115.2,116.12 2 0
github.com/jamillosantos/go-validator/generation.go:112.36,114.3 1 0
github.com/jamillosantos/go-validator/generation.go:119.69,121.16 2 0
github.com/jamillosantos/go-validator/generation.go:121.16,122.13 1 0
github.com/jamillosantos/go-validator/baked_in.go:36.32,37.15 1 0
github.com/jamillosantos/go-validator/baked_in.go:40.2,40.67 1 0
github.com/jamillosantos/go-validator/baked_in.go:37.15,39.3 1 0
github.com/jamillosantos/go-validator/baked_in.go:40.67,42.3 1 0
github.com/jamillosantos/go-validator/baked_in.go:199.42,203.9 4 0
github.com/jamillosantos/go-validator/baked_in.go:212.2,212.13 1 0
github.com/jamillosantos/go-validator/baked_in.go:203.9,206.34 3 0
github.com/jamillosantos/go-validator/baked_in.go:209.3,210.32 2 0
github.com/jamillosantos/go-validator/baked_in.go:206.34,208.4 1 0
github.com/jamillosantos/go-validator/baked_in.go:215.69,216.44 1 0
github.com/jamillosantos/go-validator/baked_in.go:217.14,218.21 1 0
github.com/jamillosantos/go-validator/baked_in.go:219.15,220.19 1 0
github.com/jamillosantos/go-validator/baked_in.go:223.3,223.22 1 0
github.com/jamillosantos/go-validator/baked_in.go:224.20,225.30 1 0
github.com/jamillosantos/go-validator/baked_in.go:226.10,227.19 1 0
github.com/jamillosantos/go-validator/baked_in.go:220.19,222.4 1 0
github.com/jamillosantos/go-validator/baked_in.go:231.51,233.9 2 0
github.com/jamillosantos/go-validator/baked_in.go:236.2,236.43 1 0
github.com/jamillosantos/go-validator/baked_in.go:233.9,235.3 1 0
github.com/jamillosantos/go-validator/baked_in.go:239.52,241.9 2 0
github.com/jamillosantos/go-validator/baked_in.go:244.2,244.44 1 0
github.com/jamillosantos/go-validator/baked_in.go:241.9,243.3 1 0
github.com/jamillosantos/go-validator/baked_in.go:247.45,249.9 2 0
github.com/jamillosantos/go-validator/baked_in.go:252.2,252.37 1 0
github.com/jamillosantos/go-validator/baked_in.go:249.9,251.3 1 0
github.com/jamillosantos/go-validator/baked_in.go:255.46,257.49 2 0
github.com/jamillosantos/go-validator/baked_in.go:291.2,291.44 1 0
github.com/jamillosantos/go-validator/baked_in.go:296.2,296.14 1 0
github.com/jamillosantos/go-validator/baked_in.go:258.14,259.17 1 0
github.com/jamillosantos/go-validator/baked_in.go:260.15,261.24 1 0
github.com/jamillosantos/go-validator/baked_in.go:264.20,265.24 1 0
github.com/jamillosantos/go-validator/baked_in.go:268.11,269.47 1 0
github.com/jamillosantos/go-validator/baked_in.go:270.12,271.47 1 0
github.com/jamillosantos/go-validator/baked_in.go:272.13,273.47 1 0
github.com/jamillosantos/go-validator/baked_in.go:274.13,275.47 1 0
github.com/jamillosantos/go-validator/baked_in.go:276.13,277.40 1 0
github.com/jamillosantos/go-validator/baked_in.go:278.12,279.49 1 0
github.com/jamillosantos/go-validator/baked_in.go:280.13,281.49 1 0
github.com/jamillosantos/go-validator/baked_in.go:282.14,283.49 1 0
github.com/jamillosantos/go-validator/baked_in.go:284.14,285.49 1 0
github.com/jamillosantos/go-validator/baked_in.go:286.14,287.41 1 0
github.com/jamillosantos/go-validator/baked_in.go:288.10,289.62 1 0
github.com/jamillosantos/go-validator/baked_in.go:261.24,263.4 1 0
github.com/jamillosantos/go-validator/baked_in.go:265.24,267.4 1 0
github.com/jamillosantos/go-validator/baked_in.go:291.44,292.17 1 0
github.com/jamillosantos/go-validator/baked_in.go:292.17,294.4 1 0
github.com/jamillosantos/go-validator/baked_in.go:352.44,354.9 2 0
github.com/jamillosantos/go-validator/baked_in.go:357.2,358.19 2 0
github.com/jamillosantos/go-validator/baked_in.go:354.9,356.3 1 0
github.com/jamillosantos/go-validator/baked_in.go:362.47,364.9 2 0
github.com/jamillosantos/go-validator/baked_in.go:368.2,370.38 2 0
github.com/jamillosantos/go-validator/baked_in.go:364.9,366.3 1 0
github.com/jamillosantos/go-validator/baked_in.go:374.47,376.9 2 0
github.com/jamillosantos/go-validator/baked_in.go:380.2,382.38 2 0
github.com/jamillosantos/go-validator/baked_in.go:376.9,378.3 1 0
github.com/jamillosantos/go-validator/baked_in.go:386.45,388.9 2 0
github.com/jamillosantos/go-validator/baked_in.go:392.2,394.19 2 0
github.com/jamillosantos/go-validator/baked_in.go:388.9,390.3 1 0
github.com/jamillosantos/go-validator/baked_in.go:398.45,400.9 2 0
github.com/jamillosantos/go-validator/baked_in.go:404.2,406.37 2 0
github.com/jamillosantos/go-validator/baked_in.go:400.9,402.3 1 0
github.com/jamillosantos/go-validator/baked_in.go:410.45,412.9 2 0
github.com/jamillosantos/go-validator/baked_in.go:416.2,418.37 2 0
github.com/jamillosantos/go-validator/baked_in.go:412.9,414.3 1 0
github.com/jamillosantos/go-validator/baked_in.go:422.43,424.9 2 0
github.com/jamillosantos/go-validator/baked_in.go:428.2,430.18 2 0
github.com/jamillosantos/go-validator/baked_in.go:424.9,426.3 1 0
github.com/jamillosantos/go-validator/baked_in.go:434.44,436.9 2 0
github.com/jamillosantos/go-validator/baked_in.go:440.2,440.56 1 0
github.com/jamillosantos/go-validator/baked_in.go:436.9,438.3 1 0
github.com/jamillosantos/go-validator/baked_in.go:444.50,446.49 2 0
github.com/jamillosantos/go-validator/baked_in.go:485.2,485.38 1 0
github.com/jamillosantos/go-validator/baked_in.go:447.14,448.17 1 0
github.com/jamillosantos/go-validator/baked_in.go:449.15,450.24 1 0
github.com/jamillosantos/go-validator/baked_in.go:453.20,454.24 1 0
github.com/jamillosantos/go-validator/baked_in.go:457.11,458.47 1 0
github.com/jamillosantos/go-validator/baked_in.go:459.12,460.47 1 0
github.com/jamillosantos/go-validator/baked_in.go:461.13,462.47 1 0
github.com/jamillosantos/go-validator/baked_in.go:463.13,464.47 1 0
github.com/jamillosantos/go-validator/baked_in.go:465.13,466.40 1 0
github.com/jamillosantos/go-validator/baked_in.go:467.12,468.49 1 0
github.com/jamillosantos/go-validator/baked_in.go:469.13,470.49 1 0
github.com/jamillosantos/go-validator/baked_in.go:471.14,472.49 1 0
github.com/jamillosantos/go-validator/baked_in.go:473.14,474.49 1 0
github.com/jamillosantos/go-validator/baked_in.go:475.14,476.41 1 0
github.com/jamillosantos/go-validator/baked_in.go:477.15,478.60 1 0
github.com/jamillosantos/go-validator/baked_in.go:479.15,480.51 1 0
github.com/jamillosantos/go-validator/baked_in.go:481.10,482.54 1 0
github.com/jamillosantos/go-validator/baked_in.go:450.24,452.4 1 0
github.com/jamillosantos/go-validator/baked_in.go:454.24,456.4 1 0
github.com/jamillosantos/go-validator/baked_in.go:489.49,491.49 2 0
github.com/jamillosantos/go-validator/baked_in.go:530.2,530.37 1 0
github.com/jamillosantos/go-validator/baked_in.go:492.14,493.17 1 0
github.com/jamillosantos/go-validator/baked_in.go:494.15,495.24 1 0
github.com/jamillosantos/go-validator/baked_in.go:498.20,499.24 1 0
github.com/jamillosantos/go-validator/baked_in.go:502.11,503.47 1 0
github.com/jamillosantos/go-validator/baked_in.go:504.12,505.47 1 0
github.com/jamillosantos/go-validator/baked_in.go:506.13,507.47 1 0
github.com/jamillosantos/go-validator/baked_in.go:508.13,509.47 1 0
github.com/jamillosantos/go-validator/baked_in.go:510.13,511.40 1 0
github.com/jamillosantos/go-validator/baked_in.go:512.12,513.49 1 0
github.com/jamillosantos/go-validator/baked_in.go:514.13,515.49 1 0
github.com/jamillosantos/go-validator/baked_in.go:516.14,517.49 1 0
github.com/jamillosantos/go-validator/baked_in.go:518.14,519.49 1 0
github.com/jamillosantos/go-validator/baked_in.go:520.14,521.41 1 0
github.com/jamillosantos/go-validator/baked_in.go:522.15,523.60 1 0
github.com/jamillosantos/go-validator/baked_in.go:524.15,525.51 1 0
github.com/jamillosantos/go-validator/baked_in.go:526.10,527.54 1 0
github.com/jamillosantos/go-validator/baked_in.go:495.24,497.4 1 0
github.com/jamillosantos/go-validator/baked_in.go:499.24,501.4 1 0
github.com/jamillosantos/go-validator/baked_in.go:534.48,536.9 2 0
github.com/jamillosantos/go-validator/baked_in.go:540.2,542.19 2 0
github.com/jamillosantos/go-validator/baked_in.go:546.2,546.39 1 0
github.com/jamillosantos/go-validator/baked_in.go:550.2,550.40 1 0
github.com/jamillosantos/go-validator/baked_in.go:536.9,538.3 1 0
github.com/jamillosantos/go-validator/baked_in.go:542.19,544.3 1 0
github.com/jamillosantos/go-validator/baked_in.go:546.39,548.3 1 0
github.com/jamillosantos/go-validator/baked_in.go:554.60,556.9 2 0
github.com/jamillosantos/go-validator/baked_in.go:560.2,560.61 1 0
github.com/jamillosantos/go-validator/baked_in.go:556.9,558.3 1 0
github.com/jamillosantos/go-validator/baked_in.go:564.55,566.9 2 0
github.com/jamillosantos/go-validator/baked_in.go:570.2,570.47 1 0
github.com/jamillosantos/go-validator/baked_in.go:566.9,568.3 1 0
github.com/jamillosantos/go-validator/baked_in.go:574.46,576.9 2 0
github.com/jamillosantos/go-validator/baked_in.go:580.2,580.38 1 0
github.com/jamillosantos/go-validator/baked_in.go:576.9,578.3 1 0
github.com/jamillosantos/go-validator/baked_in.go:584.46,586.9 2 0
github.com/jamillosantos/go-validator/baked_in.go:590.2,590.38 1 0
github.com/jamillosantos/go-validator/baked_in.go:586.9,588.3 1 0
github.com/jamillosantos/go-validator/baked_in.go:594.46,596.9 2 0
github.com/jamillosantos/go-validator/baked_in.go:600.2,600.38 1 0
github.com/jamillosantos/go-validator/baked_in.go:596.9,598.3 1 0
github.com/jamillosantos/go-validator/baked_in.go:604.46,606.9 2 0
github.com/jamillosantos/go-validator/baked_in.go:610.2,610.38 1 0
github.com/jamillosantos/go-validator/baked_in.go:606.9,608.3 1 0
github.com/jamillosantos/go-validator/baked_in.go:614.45,616.9 2 0
github.com/jamillosantos/go-validator/baked_in.go:620.2,620.37 1 0
github.com/jamillosantos/go-validator/baked_in.go:616.9,618.3 1 0
github.com/jamillosantos/go-validator/baked_in.go:624.53,626.9 2 0
github.com/jamillosantos/go-validator/baked_in.go:630.2,630.45 1 0
github.com/jamillosantos/go-validator/baked_in.go:626.9,628.3 1 0
github.com/jamillosantos/go-validator/baked_in.go:634.53,636.9 2 0
github.com/jamillosantos/go-validator/baked_in.go:640.2,640.45 1 0
github.com/jamillosantos/go-validator/baked_in.go:636.9,638.3 1 0
github.com/jamillosantos/go-validator/baked_in.go:644.53,646.9 2 0
github.com/jamillosantos/go-validator/baked_in.go:650.2,650.45 1 0
github.com/jamillosantos/go-validator/baked_in.go:646.9,648.3 1 0
github.com/jamillosantos/go-validator/baked_in.go:654.52,656.9 2 0
github.com/jamillosantos/go-validator/baked_in.go:660.2,660.44 1 0
github.com/jamillosantos/go-validator/baked_in.go:656.9,658.3 1 0
github.com/jamillosantos/go-validator/baked_in.go:664.45,666.2 1 0
github.com/jamillosantos/go-validator/baked_in.go:669.47,671.9 2 0
github.com/jamillosantos/go-validator/baked_in.go:675.2,677.33 2 0
github.com/jamillosantos/go-validator/baked_in.go:681.2,686.25 4 0
github.com/jamillosantos/go-validator/baked_in.go:690.2,690.56 1 0
github.com/jamillosantos/go-validator/baked_in.go:671.9,673.3 1 0
github.com/jamillosantos/go-validator/baked_in.go:677.33,679.3 1 0
github.com/jamillosantos/go-validator/baked_in.go:686.25,688.3 1 0
github.com/jamillosantos/go-validator/baked_in.go:694.47,696.9 2 0
github.com/jamillosantos/go-validator/baked_in.go:700.2,702.33 2 0
github.com/jamillosantos/go-validator/baked_in.go:706.2,709.24 3 0
github.com/jamillosantos/go-validator/baked_in.go:713.2,713.17 1 0
github.com/jamillosantos/go-validator/baked_in.go:719.2,719.25 1 0
github.com/jamillosantos/go-validator/baked_in.go:696.9,698.3 1 0
github.com/jamillosantos/go-validator/baked_in.go:702.33,704.3 1 0
github.com/jamillosantos/go-validator/baked_in.go:709.24,711.3 1 0
github.com/jamillosantos/go-validator/baked_in.go:713.17,715.3 1 0
github.com/jamillosantos/go-validator/baked_in.go:715.8,717.3 1 0
github.com/jamillosantos/go-validator/baked_in.go:723.56,725.9 2 0
github.com/jamillosantos/go-validator/baked_in.go:729.2,729.43 1 0
github.com/jamillosantos/go-validator/baked_in.go:733.2,733.92 1 0
github.com/jamillosantos/go-validator/baked_in.go:738.2,744.36 5 0
github.com/jamillosantos/go-validator/baked_in.go:753.2,753.13 1 0
github.com/jamillosantos/go-validator/baked_in.go:725.9,727.3 1 0
github.com/jamillosantos/go-validator/baked_in.go:729.43,731.3 1 0
github.com/jamillosantos/go-validator/baked_in.go:733.92,735.3 1 0
github.com/jamillosantos/go-validator/baked_in.go:744.36,745.24 1 0
github.com/jamillosantos/go-validator/baked_in.go:748.3,748.80 1 0
github.com/jamillosantos/go-validator/baked_in.go:745.24,746.12 1 0
github.com/jamillosantos/go-validator/baked_in.go:748.80,750.4 1 0
github.com/jamillosantos/go-validator/baked_in.go:757.55,759.9 2 0
github.com/jamillosantos/go-validator/baked_in.go:763.2,763.43 1 0
github.com/jamillosantos/go-validator/baked_in.go:767.2,771.36 3 0
github.com/jamillosantos/go-validator/baked_in.go:781.2,793.42 10 0
github.com/jamillosantos/go-validator/baked_in.go:759.9,761.3 1 0
github.com/jamillosantos/go-validator/baked_in.go:763.43,765.3 1 0
github.com/jamillosantos/go-validator/baked_in.go:771.36,774.28 2 0
github.com/jamillosantos/go-validator/baked_in.go:774.28,778.4 3 0
github.com/jamillosantos/go-validator/baked_in.go:797.61,799.9 2 0
github.com/jamillosantos/go-validator/baked_in.go:803.2,803.106 1 0
github.com/jamillosantos/go-validator/baked_in.go:807.2,809.35 2 0
github.com/jamillosantos/go-validator/baked_in.go:813.2,821.25 6 0
github.com/jamillosantos/go-validator/baked_in.go:825.2,827.25 2 0
github.com/jamillosantos/go-validator/baked_in.go:831.2,831.14 1 0
github.com/jamillosantos/go-validator/baked_in.go:837.2,843.27 4 0
github.com/jamillosantos/go-validator/baked_in.go:854.2,854.12 1 0
github.com/jamillosantos/go-validator/baked_in.go:858.2,863.38 5 0
github.com/jamillosantos/go-validator/baked_in.go:872.2,872.33 1 0
github.com/jamillosantos/go-validator/baked_in.go:876.2,876.13 1 0
github.com/jamillosantos/go-validator/baked_in.go:799.9,801.3 1 0
github.com/jamillosantos/go-validator/baked_in.go:803.106,805.3 1 0
github.com/jamillosantos/go-validator/baked_in.go:809.35,811.3 1 0
github.com/jamillosantos/go-validator/baked_in.go:821.25,823.3 1 0
github.com/jamillosantos/go-validator/baked_in.go:827.25,829.3 1 0
github.com/jamillosantos/go-validator/baked_in.go:831.14,832.47 1 0
github.com/jamillosantos/go-validator/baked_in.go:832.47,834.4 1 0
github.com/jamillosantos/go-validator/baked_in.go:843.27,847.26 3 0
github.com/jamillosantos/go-validator/baked_in.go:847.26,848.27 1 0
github.com/jamillosantos/go-validator/baked_in.go:848.27,850.5 1 0
github.com/jamillosantos/go-validator/baked_in.go:854.12,856.3 1 0
github.com/jamillosantos/go-validator/baked_in.go:863.38,866.14 3 0
github.com/jamillosantos/go-validator/baked_in.go:866.14,869.4 2 0
github.com/jamillosantos/go-validator/baked_in.go:872.33,874.3 1 0
github.com/jamillosantos/go-validator/baked_in.go:880.51,882.2 1 0
github.com/jamillosantos/go-validator/baked_in.go:885.50,887.2 1 0
github.com/jamillosantos/go-validator/baked_in.go:890.47,892.2 1 0
github.com/jamillosantos/go-validator/baked_in.go:895.51,896.35 1 0
github.com/jamillosantos/go-validator/baked_in.go:900.2,901.9 2 0
github.com/jamillosantos/go-validator/baked_in.go:905.2,907.39 2 0
github.com/jamillosantos/go-validator/baked_in.go:896.35,898.3 1 0
github.com/jamillosantos/go-validator/baked_in.go:901.9,903.3 1 0
github.com/jamillosantos/go-validator/baked_in.go:911.50,913.9 2 0
github.com/jamillosantos/go-validator/baked_in.go:917.2,917.44 1 0
github.com/jamillosantos/go-validator/baked_in.go:923.2,923.14 1 0
github.com/jamillosantos/go-validator/baked_in.go:913.9,915.3 1 0
github.com/jamillosantos/go-validator/baked_in.go:917.44,919.8 2 0
github.com/jamillosantos/go-validator/baked_in.go:919.8,921.4 1 0
github.com/jamillosantos/go-validator/baked_in.go:927.47,929.9 2 0
github.com/jamillosantos/go-validator/baked_in.go:933.2,933.44 1 0
github.com/jamillosantos/go-validator/baked_in.go:939.2,939.14 1 0
github.com/jamillosantos/go-validator/baked_in.go:929.9,931.3 1 0
github.com/jamillosantos/go-validator/baked_in.go:933.44,935.8 2 0
github.com/jamillosantos/go-validator/baked_in.go:935.8,937.4 1 0
github.com/jamillosantos/go-validator/baked_in.go:943.49,945.9 2 0
github.com/jamillosantos/go-validator/baked_in.go:949.2,949.44 1 0
github.com/jamillosantos/go-validator/baked_in.go:955.2,955.14 1 0
github.com/jamillosantos/go-validator/baked_in.go:945.9,947.3 1 0
github.com/jamillosantos/go-validator/baked_in.go:949.44,951.8 2 0
github.com/jamillosantos/go-validator/baked_in.go:951.8,953.4 1 0
github.com/jamillosantos/go-validator/baked_in.go:959.47,961.9 2 0
github.com/jamillosantos/go-validator/baked_in.go:965.2,965.44 1 0
github.com/jamillosantos/go-validator/baked_in.go:971.2,971.14 1 0
github.com/jamillosantos/go-validator/baked_in.go:961.9,963.3 1 0
github.com/jamillosantos/go-validator/baked_in.go:965.44,967.8 2 0
github.com/jamillosantos/go-validator/baked_in.go:967.8,969.4 1 0
github.com/jamillosantos/go-validator/baked_in.go:975.52,977.2 1 0
github.com/jamillosantos/go-validator/baked_in.go:980.50,982.2 1 0
github.com/jamillosantos/go-validator/baked_in.go:1071.43,1073.2 1 0
github.com/jamillosantos/go-validator/baked_in.go:1435.43,1437.44 1 0
github.com/jamillosantos/go-validator/baked_in.go:1687.2,1687.14 1 0
github.com/jamillosantos/go-validator/baked_in.go:1437.44,1439.50 1 0
github.com/jamillosantos/go-validator/baked_in.go:1440.15,1441.27 1 0
github.com/jamillosantos/go-validator/baked_in.go:1444.16,1445.89 1 0
github.com/jamillosantos/go-validator/baked_in.go:1448.21,1449.97 1 0
github.com/jamillosantos/go-validator/baked_in.go:1461.12,1463.18 2 0
github.com/jamillosantos/go-validator/baked_in.go:1466.4,1466.33 1 0
github.com/jamillosantos/go-validator/baked_in.go:1467.13,1468.25 1 0
github.com/jamillosantos/go-validator/baked_in.go:1471.4,1472.18 2 0
github.com/jamillosantos/go-validator/baked_in.go:1475.4,1475.34 1 0
github.com/jamillosantos/go-validator/baked_in.go:1476.13,1478.18 2 0
github.com/jamillosantos/go-validator/baked_in.go:1481.4,1481.33 1 0
github.com/jamillosantos/go-validator/baked_in.go:1482.14,1483.25 1 0
github.com/jamillosantos/go-validator/baked_in.go:1486.4,1487.18 2 0
github.com/jamillosantos/go-validator/baked_in.go:1490.4,1490.34 1 0
github.com/jamillosantos/go-validator/baked_in.go:1491.14,1493.18 2 0
github.com/jamillosantos/go-validator/baked_in.go:1496.4,1496.33 1 0
github.com/jamillosantos/go-validator/baked_in.go:1497.15,1498.25 1 0
github.com/jamillosantos/go-validator/baked_in.go:1501.4,1502.18 2 0
github.com/jamillosantos/go-validator/baked_in.go:1505.4,1505.34 1 0
github.com/jamillosantos/go-validator/baked_in.go:1506.14,1508.18 2 0
github.com/jamillosantos/go-validator/baked_in.go:1511.4,1511.33 1 0
github.com/jamillosantos/go-validator/baked_in.go:1512.15,1513.25 1 0
github.com/jamillosantos/go-validator/baked_in.go:1516.4,1517.18 2 0
github.com/jamillosantos/go-validator/baked_in.go:1520.4,1520.34 1 0
github.com/jamillosantos/go-validator/baked_in.go:1521.14,1523.18 2 0
github.com/jamillosantos/go-validator/baked_in.go:1526.4,1526.26 1 0
github.com/jamillosantos/go-validator/baked_in.go:1527.15,1528.25 1 0
github.com/jamillosantos/go-validator/baked_in.go:1531.4,1532.18 2 0
github.com/jamillosantos/go-validator/baked_in.go:1535.4,1535.27 1 0
github.com/jamillosantos/go-validator/baked_in.go:1536.13,1538.18 2 0
github.com/jamillosantos/go-validator/baked_in.go:1541.4,1541.34 1 0
github.com/jamillosantos/go-validator/baked_in.go:1542.14,1543.25 1 0
github.com/jamillosantos/go-validator/baked_in.go:1546.4,1547.18 2 0
github.com/jamillosantos/go-validator/baked_in.go:1550.4,1550.35 1 0
github.com/jamillosantos/go-validator/baked_in.go:1551.14,1553.18 2 0
github.com/jamillosantos/go-validator/baked_in.go:1556.4,1556.34 1 0
github.com/jamillosantos/go-validator/baked_in.go:1557.15,1558.25 1 0
github.com/jamillosantos/go-validator/baked_in.go:1561.4,1562.18 2 0
github.com/jamillosantos/go-validator/baked_in.go:1565.4,1565.35 1 0
github.com/jamillosantos/go-validator/baked_in.go:1566.15,1568.18 2 0
github.com/jamillosantos/go-validator/baked_in.go:1571.4,1571.34 1 0
github.com/jamillosantos/go-validator/baked_in.go:1572.16,1573.25 1 0
github.com/jamillosantos/go-validator/baked_in.go:1576.4,1577.18 2 0
github.com/jamillosantos/go-validator/baked_in.go:1580.4,1580.35 1 0
github.com/jamillosantos/go-validator/baked_in.go:1581.15,1583.18 2 0
github.com/jamillosantos/go-validator/baked_in.go:1586.4,1586.34 1 0
github.com/jamillosantos/go-validator/baked_in.go:1587.16,1588.25 1 0
github.com/jamillosantos/go-validator/baked_in.go:1591.4,1592.18 2 0
github.com/jamillosantos/go-validator/baked_in.go:1595.4,1595.35 1 0
github.com/jamillosantos/go-validator/baked_in.go:1596.15,1598.18 2 0
github.com/jamillosantos/go-validator/baked_in.go:1601.4,1601.26 1 0
github.com/jamillosantos/go-validator/baked_in.go:1602.16,1603.25 1 0
github.com/jamillosantos/go-validator/baked_in.go:1606.4,1607.18 2 0
github.com/jamillosantos/go-validator/baked_in.go:1610.4,1610.27 1 0
github.com/jamillosantos/go-validator/baked_in.go:1611.16,1613.18 2 0
github.com/jamillosantos/go-validator/baked_in.go:1616.4,1616.35 1 0
github.com/jamillosantos/go-validator/baked_in.go:1617.17,1618.25 1 0
github.com/jamillosantos/go-validator/baked_in.go:1621.4,1622.18 2 0
github.com/jamillosantos/go-validator/baked_in.go:1625.4,1625.36 1 0
github.com/jamillosantos/go-validator/baked_in.go:1626.16,1628.18 2 0
github.com/jamillosantos/go-validator/baked_in.go:1631.4,1631.35 1 0
github.com/jamillosantos/go-validator/baked_in.go:1632.17,1633.25 1 0
github.com/jamillosantos/go-validator/baked_in.go:1636.4,1637.18 2 0
github.com/jamillosantos/go-validator/baked_in.go:1640.4,1640.36 1 0
github.com/jamillosantos/go-validator/baked_in.go:1641.18,1643.18 2 0
github.com/jamillosantos/go-validator/baked_in.go:1646.4,1646.38 1 0
github.com/jamillosantos/go-validator/baked_in.go:1647.19,1648.25 1 0
github.com/jamillosantos/go-validator/baked_in.go:1651.4,1652.18 2 0
github.com/jamillosantos/go-validator/baked_in.go:1655.4,1655.39 1 0
github.com/jamillosantos/go-validator/baked_in.go:1656.19,1658.18 2 0
github.com/jamillosantos/go-validator/baked_in.go:1661.4,1661.38 1 0
github.com/jamillosantos/go-validator/baked_in.go:1662.20,1663.25 1 0
github.com/jamillosantos/go-validator/baked_in.go:1666.4,1667.18 2 0
github.com/jamillosantos/go-validator/baked_in.go:1670.4,1670.39 1 0
github.com/jamillosantos/go-validator/baked_in.go:1671.13,1673.18 2 0
github.com/jamillosantos/go-validator/baked_in.go:1676.4,1676.26 1 0
github.com/jamillosantos/go-validator/baked_in.go:1677.14,1679.18 2 0
github.com/jamillosantos/go-validator/baked_in.go:1682.4,1682.27 1 0
github.com/jamillosantos/go-validator/baked_in.go:1683.11,1684.55 1 0
github.com/jamillosantos/go-validator/baked_in.go:1441.27,1443.5 1 0
github.com/jamillosantos/go-validator/baked_in.go:1445.89,1447.5 1 0
github.com/jamillosantos/go-validator/baked_in.go:1449.97,1451.5 1 0
github.com/jamillosantos/go-validator/baked_in.go:1463.18,1464.13 1 0
github.com/jamillosantos/go-validator/baked_in.go:1468.25,1469.13 1 0
github.com/jamillosantos/go-validator/baked_in.go:1472.18,1473.13 1 0
github.com/jamillosantos/go-validator/baked_in.go:1478.18,1479.13 1 0
github.com/jamillosantos/go-validator/baked_in.go:1483.25,1484.13 1 0
github.com/jamillosantos/go-validator/baked_in.go:1487.18,1488.13 1 0
github.com/jamillosantos/go-validator/baked_in.go:1493.18,1494.13 1 0
github.com/jamillosantos/go-validator/baked_in.go:1498.25,1499.13 1 0
github.com/jamillosantos/go-validator/baked_in.go:1502.18,1503.13 1 0
github.com/jamillosantos/go-validator/baked_in.go:1508.18,1509.13 1 0
github.com/jamillosantos/go-validator/baked_in.go:1513.25,1514.13 1 0
github.com/jamillosantos/go-validator/baked_in.go:1517.18,1518.13 1 0
github.com/jamillosantos/go-validator/baked_in.go:1523.18,1524.13 1 0
github.com/jamillosantos/go-validator/baked_in.go:1528.25,1529.13 1 0
github.com/jamillosantos/go-validator/baked_in.go:1532.18,1533.13 1 0
github.com/jamillosantos/go-validator/baked_in.go:1538.18,1539.13 1 0
github.com/jamillosantos/go-validator/baked_in.go:1543.25,1544.13 1 0
github.com/jamillosantos/go-validator/baked_in.go:1547.18,1548.13 1 0
github.com/jamillosantos/go-validator/baked_in.go:1553.18,1554.13 1 0
github.com/jamillosantos/go-validator/baked_in.go:1558.25,1559.13 1 0
github.com/jamillosantos/go-validator/baked_in.go:1562.18,1563.13 1 0
github.com/jamillosantos/go-validator/baked_in.go:1568.18,1569.13 1 0
github.com/jamillosantos/go-validator/baked_in.go:1573.25,1574.13 1 0
github.com/jamillosantos/go-validator/baked_in.go:1577.18,1578.13 1 0
github.com/jamillosantos/go-validator/baked_in.go:1583.18,1584.13 1 0
github.com/jamillosantos/go-validator/baked_in.go:1588.25,1589.13 1 0
github.com/jamillosantos/go-validator/baked_in.go:1592.18,1593.13 1 0
github.com/jamillosantos/go-validator/baked_in.go:1598.18,1599.13 1 0
github.com/jamillosantos/go-validator/baked_in.go:1603.25,1604.13 1 0
github.com/jamillosantos/go-validator/baked_in.go:1607.18,1608.13 1 0
github.com/jamillosantos/go-validator/baked_in.go:1613.18,1614.13 1 0
github.com/jamillosantos/go-validator/baked_in.go:1618.25,1619.13 1 0
github.com/jamillosantos/go-validator/baked_in.go:1622.18,1623.13 1 0
github.com/jamillosantos/go-validator/baked_in.go:1628.18,1629.13 1 0
github.com/jamillosantos/go-validator/baked_in.go:1633.25,1634.13 1 0
github.com/jamillosantos/go-validator/baked_in.go:1637.18,1638.13 1 0
github.com/jamillosantos/go-validator/baked_in.go:1643.18,1644.13 1 0
github.com/jamillosantos/go-validator/baked_in.go:1648.25,1649.13 1 0
github.com/jamillosantos/go-validator/baked_in.go:1652.18,1653.13 1 0
github.com/jamillosantos/go-validator/baked_in.go:1658.18,1659.13 1 0
github.com/jamillosantos/go-validator/baked_in.go:1663.25,1664.13 1 0
github.com/jamillosantos/go-validator/baked_in.go:1667.18,1668.13 1 0
github.com/jamillosantos/go-validator/baked_in.go:1673.18,1674.13 1 0
github.com/jamillosantos/go-validator/baked_in.go:1679.18,1680.13 1 0
github.com/jamillosantos/go-validator/baked_in.go:1691.47,1693.9 2 0
github.com/jamillosantos/go-validator/baked_in.go:1696.2,1696.39 1 0
github.com/jamillosantos/go-validator/baked_in.go:1693.9,1695.3 1 0
github.com/jamillosantos/go-validator/baked_in.go:1700.50,1702.9 2 0
github.com/jamillosantos/go-validator/baked_in.go:1705.2,1705.42 1 0
github.com/jamillosantos/go-validator/baked_in.go:1702.9,1704.3 1 0
github.com/jamillosantos/go-validator/baked_in.go:1709.44,1711.9 2 0
github.com/jamillosantos/go-validator/baked_in.go:1717.2,1717.44 1 0
github.com/jamillosantos/go-validator/baked_in.go:1721.2,1721.21 1 0
github.com/jamillosantos/go-validator/baked_in.go:1725.2,1727.19 2 0
github.com/jamillosantos/go-validator/baked_in.go:1711.9,1713.3 1 0
github.com/jamillosantos/go-validator/baked_in.go:1717.44,1719.3 1 0
github.com/jamillosantos/go-validator/baked_in.go:1721.21,1723.3 1 0
github.com/jamillosantos/go-validator/baked_in.go:1731.44,1733.9 2 0
github.com/jamillosantos/go-validator/baked_in.go:1737.2,1741.43 2 0
github.com/jamillosantos/go-validator/baked_in.go:1745.2,1745.21 1 0
github.com/jamillosantos/go-validator/baked_in.go:1749.2,1751.36 2 0
github.com/jamillosantos/go-validator/baked_in.go:1755.2,1755.13 1 0
github.com/jamillosantos/go-validator/baked_in.go:1733.9,1735.3 1 0
github.com/jamillosantos/go-validator/baked_in.go:1741.43,1743.3 1 0
github.com/jamillosantos/go-validator/baked_in.go:1745.21,1747.3 1 0
github.com/jamillosantos/go-validator/baked_in.go:1751.36,1753.3 1 0
github.com/jamillosantos/go-validator/baked_in.go:1759.51,1761.9 2 0
github.com/jamillosantos/go-validator/baked_in.go:1765.2,1767.14 2 0
github.com/jamillosantos/go-validator/baked_in.go:1761.9,1763.3 1 0
github.com/jamillosantos/go-validator/baked_in.go:1771.45,1773.9 2 0
github.com/jamillosantos/go-validator/baked_in.go:1777.2,1778.16 2 0
github.com/jamillosantos/go-validator/baked_in.go:1782.2,1782.26 1 0
github.com/jamillosantos/go-validator/baked_in.go:1773.9,1775.3 1 0
github.com/jamillosantos/go-validator/baked_in.go:1778.16,1780.3 1 0
github.com/jamillosantos/go-validator/baked_in.go:1786.45,1788.9 2 0
github.com/jamillosantos/go-validator/baked_in.go:1791.2,1791.37 1 0
github.com/jamillosantos/go-validator/baked_in.go:1788.9,1790.3 1 0
github.com/jamillosantos/go-validator/baked_in.go:1795.46,1797.9 2 0
github.com/jamillosantos/go-validator/baked_in.go:1800.2,1800.38 1 0
github.com/jamillosantos/go-validator/baked_in.go:1797.9,1799.3 1 0
github.com/jamillosantos/go-validator/baked_in.go:1804.45,1806.9 2 0
github.com/jamillosantos/go-validator/baked_in.go:1809.2,1809.37 1 0
github.com/jamillosantos/go-validator/baked_in.go:1806.9,1808.3 1 0
github.com/jamillosantos/go-validator/baked_in.go:1813.44,1815.9 2 0
github.com/jamillosantos/go-validator/baked_in.go:1818.2,1818.36 1 0
github.com/jamillosantos/go-validator/baked_in.go:1815.9,1817.3 1 0
github.com/jamillosantos/go-validator/baked_in.go:1822.45,1824.9 2 0
github.com/jamillosantos/go-validator/baked_in.go:1827.2,1827.37 1 0
github.com/jamillosantos/go-validator/baked_in.go:1824.9,1826.3 1 0
github.com/jamillosantos/go-validator/baked_in.go:1831.44,1833.9 2 0
github.com/jamillosantos/go-validator/baked_in.go:1836.2,1836.36 1 0
github.com/jamillosantos/go-validator/baked_in.go:1833.9,1835.3 1 0
github.com/jamillosantos/go-validator/baked_in.go:1840.49,1842.9 2 0
github.com/jamillosantos/go-validator/baked_in.go:1845.2,1845.41 1 0
github.com/jamillosantos/go-validator/baked_in.go:1842.9,1844.3 1 0
github.com/jamillosantos/go-validator/baked_in.go:1849.52,1851.9 2 0
github.com/jamillosantos/go-validator/baked_in.go:1854.2,1854.44 1 0
github.com/jamillosantos/go-validator/baked_in.go:1851.9,1853.3 1 0
github.com/jamillosantos/go-validator/baked_in.go:1858.47,1859.35 1 0
github.com/jamillosantos/go-validator/baked_in.go:1860.75,1861.14 1 0
github.com/jamillosantos/go-validator/baked_in.go:1862.10,1864.10 2 0
github.com/jamillosantos/go-validator/baked_in.go:1867.3,1867.40 1 0
github.com/jamillosantos/go-validator/baked_in.go:1864.10,1866.4 1 0
github.com/jamillosantos/go-validator/baked_in.go:1872.48,1873.35 1 0
github.com/jamillosantos/go-validator/baked_in.go:1874.116,1875.14 1 0
github.com/jamillosantos/go-validator/baked_in.go:1876.10,1878.10 2 0
github.com/jamillosantos/go-validator/baked_in.go:1881.3,1881.41 1 0
github.com/jamillosantos/go-validator/baked_in.go:1878.10,1880.4 1 0
github.com/jamillosantos/go-validator/baked_in.go:1886.49,1888.9 2 0
github.com/jamillosantos/go-validator/baked_in.go:1891.2,1891.45 1 0
github.com/jamillosantos/go-validator/baked_in.go:1888.9,1890.3 1 0
github.com/jamillosantos/go-validator/baked_in.go:1895.46,1897.9 2 0
github.com/jamillosantos/go-validator/baked_in.go:1900.2,1900.38 1 0
github.com/jamillosantos/go-validator/baked_in.go:1897.9,1899.3 1 0
github.com/jamillosantos/go-validator/baked_in.go:1904.56,1906.9 2 0
github.com/jamillosantos/go-validator/baked_in.go:1909.2,1909.52 1 0
github.com/jamillosantos/go-validator/baked_in.go:1906.9,1908.3 1 0
github.com/jamillosantos/go-validator/baked_in.go:1913.53,1915.9 2 0
github.com/jamillosantos/go-validator/baked_in.go:1918.2,1918.45 1 0
github.com/jamillosantos/go-validator/baked_in.go:1915.9,1917.3 1 0
github.com/jamillosantos/go-validator/baked_in.go:1922.48,1924.2 1 0
github.com/jamillosantos/go-validator/baked_in.go:1927.47,1929.8 2 0
github.com/jamillosantos/go-validator/baked_in.go:1933.2,1933.49 1 0
github.com/jamillosantos/go-validator/baked_in.go:1929.8,1931.3 1 0
github.com/jamillosantos/go-validator/baked_in.go:1934.11,1935.25 1 0
github.com/jamillosantos/go-validator/baked_in.go:1936.12,1937.25 1 0
github.com/jamillosantos/go-validator/baked_in.go:1938.13,1939.25 1 0
github.com/jamillosantos/go-validator/baked_in.go:1940.13,1941.25 1 0
github.com/jamillosantos/go-validator/baked_in.go:1942.13,1943.25 1 0
github.com/jamillosantos/go-validator/baked_in.go:1944.12,1945.47 1 0
github.com/jamillosantos/go-validator/baked_in.go:1946.13,1947.47 1 0
github.com/jamillosantos/go-validator/baked_in.go:1948.14,1949.47 1 0
github.com/jamillosantos/go-validator/baked_in.go:1950.14,1951.47 1 0
github.com/jamillosantos/go-validator/baked_in.go:1952.14,1953.47 1 0
github.com/jamillosantos/go-validator/baked_in.go:1954.12,1955.25 1 0
github.com/jamillosantos/go-validator/baked_in.go:1956.13,1957.25 1 0
github.com/jamillosantos/go-validator/baked_in.go:1958.14,1959.25 1 0
github.com/jamillosantos/go-validator/baked_in.go:1960.14,1961.25 1 0
github.com/jamillosantos/go-validator/baked_in.go:1962.14,1963.25 1 0
github.com/jamillosantos/go-validator/baked_in.go:1964.13,1965.47 1 0
github.com/jamillosantos/go-validator/baked_in.go:1966.14,1967.47 1 0
github.com/jamillosantos/go-validator/baked_in.go:1968.15,1969.47 1 0
github.com/jamillosantos/go-validator/baked_in.go:1970.15,1971.47 1 0
github.com/jamillosantos/go-validator/baked_in.go:1972.15,1973.47 1 0
github.com/jamillosantos/go-validator/baked_in.go:1974.15,1975.25 1 0
github.com/jamillosantos/go-validator/baked_in.go:1976.15,1977.25 1 0
github.com/jamillosantos/go-validator/baked_in.go:1978.16,1979.47 1 0
github.com/jamillosantos/go-validator/baked_in.go:1980.16,1981.47 1 0
github.com/jamillosantos/go-validator/baked_in.go:1982.17,1983.25 1 0
github.com/jamillosantos/go-validator/baked_in.go:1984.18,1985.25 1 0
github.com/jamillosantos/go-validator/baked_in.go:1986.18,1987.47 1 0
github.com/jamillosantos/go-validator/baked_in.go:1988.19,1989.47 1 0
github.com/jamillosantos/go-validator/baked_in.go:1990.12,1991.21 1 0
github.com/jamillosantos/go-validator/baked_in.go:1992.13,1993.43 1 0
github.com/jamillosantos/go-validator/baked_in.go:1994.10,1995.27 1 0
github.com/jamillosantos/go-validator/baked_in.go:2679.59,2681.30 1 0
github.com/jamillosantos/go-validator/baked_in.go:2685.2,2686.9 2 0
github.com/jamillosantos/go-validator/baked_in.go:2690.2,2691.19 2 0
github.com/jamillosantos/go-validator/baked_in.go:2681.30,2683.3 1 0
github.com/jamillosantos/go-validator/baked_in.go:2686.9,2688.3 1 0
github.com/jamillosantos/go-validator/baked_in.go:2695.59,2697.30 1 0
github.com/jamillosantos/go-validator/baked_in.go:2701.2,2702.9 2 0
github.com/jamillosantos/go-validator/baked_in.go:2706.2,2708.19 2 0
github.com/jamillosantos/go-validator/baked_in.go:2697.30,2699.3 1 0
github.com/jamillosantos/go-validator/baked_in.go:2702.9,2704.3 1 0
github.com/jamillosantos/go-validator/baked_in.go:2712.58,2714.58 1 0
github.com/jamillosantos/go-validator/baked_in.go:2718.2,2719.9 2 0
github.com/jamillosantos/go-validator/baked_in.go:2723.2,2725.19 2 0
github.com/jamillosantos/go-validator/baked_in.go:2714.58,2716.3 1 0
github.com/jamillosantos/go-validator/baked_in.go:2719.9,2721.3 1 0
github.com/jamillosantos/go-validator/baked_in.go:2729.59,2731.30 1 0
github.com/jamillosantos/go-validator/baked_in.go:2735.2,2736.9 2 0
github.com/jamillosantos/go-validator/baked_in.go:2740.2,2742.19 2 0
github.com/jamillosantos/go-validator/baked_in.go:2731.30,2733.3 1 0
github.com/jamillosantos/go-validator/baked_in.go:2736.9,2738.3 1 0
github.com/jamillosantos/go-validator/baked_in.go:2746.59,2748.30 1 0
github.com/jamillosantos/go-validator/baked_in.go:2752.2,2753.9 2 0
github.com/jamillosantos/go-validator/baked_in.go:2757.2,2759.19 2 0
github.com/jamillosantos/go-validator/baked_in.go:2748.30,2750.3 1 0
github.com/jamillosantos/go-validator/baked_in.go:2753.9,2755.3 1 0
github.com/jamillosantos/go-validator/baked_in.go:2763.58,2765.58 1 0
github.com/jamillosantos/go-validator/baked_in.go:2769.2,2770.9 2 0
github.com/jamillosantos/go-validator/baked_in.go:2774.2,2776.19 2 0
github.com/jamillosantos/go-validator/baked_in.go:2765.58,2767.3 1 0
github.com/jamillosantos/go-validator/baked_in.go:2770.9,2772.3 1 0
github.com/jamillosantos/go-validator/baked_in.go:2780.58,2782.27 1 0
github.com/jamillosantos/go-validator/baked_in.go:2786.2,2787.9 2 0
github.com/jamillosantos/go-validator/baked_in.go:2791.2,2793.19 2 0
github.com/jamillosantos/go-validator/baked_in.go:2782.27,2784.3 1 0
github.com/jamillosantos/go-validator/baked_in.go:2787.9,2789.3 1 0
github.com/jamillosantos/go-validator/baked_in.go:2797.58,2799.27 1 0
github.com/jamillosantos/go-validator/baked_in.go:2803.2,2804.9 2 0
github.com/jamillosantos/go-validator/baked_in.go:2808.2,2810.19 2 0
github.com/jamillosantos/go-validator/baked_in.go:2799.27,2801.3 1 0
github.com/jamillosantos/go-validator/baked_in.go:2804.9,2806.3 1 0
github.com/jamillosantos/go-validator/baked_in.go:2814.57,2816.25 1 0
github.com/jamillosantos/go-validator/baked_in.go:2820.2,2821.9 2 0
github.com/jamillosantos/go-validator/baked_in.go:2825.2,2827.19 2 0
github.com/jamillosantos/go-validator/baked_in.go:2816.25,2818.3 1 0
github.com/jamillosantos/go-validator/baked_in.go:2821.9,2823.3 1 0
github.com/jamillosantos/go-validator/baked_in.go:2831.59,2833.9 2 0
github.com/jamillosantos/go-validator/baked_in.go:2837.2,2839.19 2 0
github.com/jamillosantos/go-validator/baked_in.go:2833.9,2835.3 1 0
github.com/jamillosantos/go-validator/baked_in.go:2842.48,2845.9 2 0
github.com/jamillosantos/go-validator/baked_in.go:2849.2,2849.53 1 0
github.com/jamillosantos/go-validator/baked_in.go:2853.2,2855.37 2 0
github.com/jamillosantos/go-validator/baked_in.go:2845.9,2847.3 1 0
github.com/jamillosantos/go-validator/baked_in.go:2849.53,2851.3 1 0
github.com/jamillosantos/go-validator/baked_in.go:2858.48,2861.9 2 0
github.com/jamillosantos/go-validator/baked_in.go:2865.2,2865.53 1 0
github.com/jamillosantos/go-validator/baked_in.go:2871.2,2873.37 2 0
github.com/jamillosantos/go-validator/baked_in.go:2861.9,2863.3 1 0
github.com/jamillosantos/go-validator/baked_in.go:2865.53,2866.42 1 0
github.com/jamillosantos/go-validator/baked_in.go:2866.42,2868.4 1 0
github.com/jamillosantos/go-validator/baked_in.go:2876.55,2878.9 2 0
github.com/jamillosantos/go-validator/baked_in.go:2882.2,2882.47 1 0
github.com/jamillosantos/go-validator/baked_in.go:2878.9,2880.3 1 0
github.com/jamillosantos/go-validator/baked_in.go:2885.56,2887.9 2 0
github.com/jamillosantos/go-validator/baked_in.go:2891.2,2891.48 1 0
github.com/jamillosantos/go-validator/baked_in.go:2887.9,2889.3 1 0
github.com/jamillosantos/go-validator/baked_in.go:2894.45,2896.24 2 0
github.com/jamillosantos/go-validator/baked_in.go:2900.2,2900.44 1 0
github.com/jamillosantos/go-validator/baked_in.go:2896.24,2898.3 1 0
github.com/jamillosantos/go-validator/baked_in.go:2904.44,2906.24 2 0
github.com/jamillosantos/go-validator/baked_in.go:2910.2,2911.16 2 0
github.com/jamillosantos/go-validator/baked_in.go:2915.2,2915.25 1 0
github.com/jamillosantos/go-validator/baked_in.go:2906.24,2908.3 1 0
github.com/jamillosantos/go-validator/baked_in.go:2911.16,2913.3 1 0
github.com/jamillosantos/go-validator/baked_in.go:2919.45,2921.24 2 0
github.com/jamillosantos/go-validator/baked_in.go:2925.2,2925.34 1 0
github.com/jamillosantos/go-validator/baked_in.go:2921.24,2923.3 1 0
github.com/jamillosantos/go-validator/baked_in.go:2929.53,2931.24 2 0
github.com/jamillosantos/go-validator/baked_in.go:2935.2,2936.16 2 0
github.com/jamillosantos/go-validator/baked_in.go:2940.2,2940.98 1 0
github.com/jamillosantos/go-validator/baked_in.go:2945.2,2945.16 1 0
github.com/jamillosantos/go-validator/baked_in.go:2948.2,2948.13 1 0
github.com/jamillosantos/go-validator/baked_in.go:2931.24,2933.3 1 0
github.com/jamillosantos/go-validator/baked_in.go:2936.16,2938.3 1 0
github.com/jamillosantos/go-validator/baked_in.go:2940.98,2942.3 1 0
github.com/jamillosantos/go-validator/baked_in.go:2945.16,2947.3 1 0
github.com/jamillosantos/go-validator/baked_in.go:2952.50,2954.24 2 0
github.com/jamillosantos/go-validator/baked_in.go:2958.2,2958.17 1 0
github.com/jamillosantos/go-validator/baked_in.go:2961.2,2961.40 1 0
github.com/jamillosantos/go-validator/baked_in.go:2954.24,2956.3 1 0
github.com/jamillosantos/go-validator/baked_in.go:2958.17,2960.3 1 0
github.com/jamillosantos/go-validator/baked_in.go:2965.50,2967.24 2 0
github.com/jamillosantos/go-validator/baked_in.go:2971.2,2971.17 1 0
github.com/jamillosantos/go-validator/baked_in.go:2974.2,2974.40 1 0
github.com/jamillosantos/go-validator/baked_in.go:2967.24,2969.3 1 0
github.com/jamillosantos/go-validator/baked_in.go:2971.17,2973.3 1 0
github.com/jamillosantos/go-validator/baked_in.go:2978.49,2980.24 2 0
github.com/jamillosantos/go-validator/baked_in.go:2984.2,2984.35 1 0
github.com/jamillosantos/go-validator/baked_in.go:2988.2,2988.44 1 0
github.com/jamillosantos/go-validator/baked_in.go:2995.2,2995.14 1 0
github.com/jamillosantos/go-validator/baked_in.go:2980.24,2982.3 1 0
github.com/jamillosantos/go-validator/baked_in.go:2984.35,2986.3 1 0
github.com/jamillosantos/go-validator/baked_in.go:2988.44,2991.17 2 0
github.com/jamillosantos/go-validator/baked_in.go:2991.17,2993.4 1 0
github.com/jamillosantos/go-validator/baked_in.go:2999.49,3001.24 2 0
github.com/jamillosantos/go-validator/baked_in.go:3006.2,3006.39 1 0
github.com/jamillosantos/go-validator/baked_in.go:3010.2,3011.16 2 0
github.com/jamillosantos/go-validator/baked_in.go:3015.2,3015.13 1 0
github.com/jamillosantos/go-validator/baked_in.go:3001.24,3003.3 1 0
github.com/jamillosantos/go-validator/baked_in.go:3006.39,3008.3 1 0
github.com/jamillosantos/go-validator/baked_in.go:3011.16,3013.3 1 0
github.com/jamillosantos/go-validator/baked_in.go:3019.54,3021.24 2 0
github.com/jamillosantos/go-validator/baked_in.go:3024.2,3024.32 1 0
github.com/jamillosantos/go-validator/baked_in.go:3021.24,3023.3 1 0
github.com/jamillosantos/go-validator/baked_in.go:3028.54,3030.24 2 0
github.com/jamillosantos/go-validator/baked_in.go:3033.2,3033.32 1 0
github.com/jamillosantos/go-validator/baked_in.go:3030.24,3032.3 1 0
github.com/jamillosantos/go-validator/baked_in.go:3037.60,3039.49 2 0
github.com/jamillosantos/go-validator/baked_in.go:3064.2,3064.38 1 0
github.com/jamillosantos/go-validator/baked_in.go:3040.11,3041.32 1 0
github.com/jamillosantos/go-validator/baked_in.go:3042.12,3043.25 1 0
github.com/jamillosantos/go-validator/baked_in.go:3044.13,3045.32 1 0
github.com/jamillosantos/go-validator/baked_in.go:3046.13,3047.32 1 0
github.com/jamillosantos/go-validator/baked_in.go:3048.13,3049.32 1 0
github.com/jamillosantos/go-validator/baked_in.go:3050.12,3051.32 1 0
github.com/jamillosantos/go-validator/baked_in.go:3052.13,3053.25 1 0
github.com/jamillosantos/go-validator/baked_in.go:3054.14,3055.32 1 0
github.com/jamillosantos/go-validator/baked_in.go:3056.14,3057.32 1 0
github.com/jamillosantos/go-validator/baked_in.go:3058.14,3059.32 1 0
github.com/jamillosantos/go-validator/baked_in.go:3060.10,3062.15 1 0
