mode: atomic
github.com/jamillosantos/go-validator/tagparser/parser.go:18.51,20.23 2 7
github.com/jamillosantos/go-validator/tagparser/parser.go:23.2,24.63 2 6
github.com/jamillosantos/go-validator/tagparser/parser.go:48.2,48.20 1 6
github.com/jamillosantos/go-validator/tagparser/parser.go:20.23,22.3 1 1
github.com/jamillosantos/go-validator/tagparser/parser.go:24.63,26.41 2 10
github.com/jamillosantos/go-validator/tagparser/parser.go:29.3,32.31 2 8
github.com/jamillosantos/go-validator/tagparser/parser.go:35.3,37.35 2 8
github.com/jamillosantos/go-validator/tagparser/parser.go:46.3,46.48 1 8
github.com/jamillosantos/go-validator/tagparser/parser.go:26.41,27.12 1 2
github.com/jamillosantos/go-validator/tagparser/parser.go:32.31,34.4 1 8
github.com/jamillosantos/go-validator/tagparser/parser.go:37.35,38.18 1 8
github.com/jamillosantos/go-validator/tagparser/parser.go:43.4,43.55 1 1
github.com/jamillosantos/go-validator/tagparser/parser.go:38.18,41.13 2 7
github.com/jamillosantos/go-validator/tagparser/parser.go:51.38,53.23 2 9
github.com/jamillosantos/go-validator/tagparser/parser.go:56.2,56.28 1 8
github.com/jamillosantos/go-validator/tagparser/parser.go:61.2,61.12 1 1
github.com/jamillosantos/go-validator/tagparser/parser.go:53.23,55.3 1 1
github.com/jamillosantos/go-validator/tagparser/parser.go:56.28,57.25 1 9
github.com/jamillosantos/go-validator/tagparser/parser.go:57.25,59.4 1 7
