mode: atomic
github.com/jamillosantos/go-validator/tagparser/parser.go:18.51,20.23 2 6
github.com/jamillosantos/go-validator/tagparser/parser.go:23.2,24.63 2 5
github.com/jamillosantos/go-validator/tagparser/parser.go:45.2,45.20 1 5
github.com/jamillosantos/go-validator/tagparser/parser.go:20.23,22.3 1 1
github.com/jamillosantos/go-validator/tagparser/parser.go:24.63,29.31 3 5
github.com/jamillosantos/go-validator/tagparser/parser.go:32.3,34.35 2 5
github.com/jamillosantos/go-validator/tagparser/parser.go:43.3,43.48 1 5
github.com/jamillosantos/go-validator/tagparser/parser.go:29.31,31.4 1 5
github.com/jamillosantos/go-validator/tagparser/parser.go:34.35,35.18 1 6
github.com/jamillosantos/go-validator/tagparser/parser.go:40.4,40.55 1 1
github.com/jamillosantos/go-validator/tagparser/parser.go:35.18,38.13 2 5
github.com/jamillosantos/go-validator/tagparser/parser.go:48.38,50.23 2 8
github.com/jamillosantos/go-validator/tagparser/parser.go:53.2,53.28 1 7
github.com/jamillosantos/go-validator/tagparser/parser.go:58.2,58.12 1 1
github.com/jamillosantos/go-validator/tagparser/parser.go:50.23,52.3 1 1
github.com/jamillosantos/go-validator/tagparser/parser.go:53.28,54.25 1 8
github.com/jamillosantos/go-validator/tagparser/parser.go:54.25,56.4 1 6
